2026-02-10 15:35:25,908 - auth - INFO - User admin logged in successfully
2026-02-10 15:35:25,908 - __main__ - INFO - User admin logged in successfully
2026-02-10 15:36:33,511 - auth - INFO - User admin logged in successfully
2026-02-10 15:36:33,512 - __main__ - INFO - User admin logged in successfully
2026-02-10 16:05:58,103 - auth - INFO - User admin logged in successfully
2026-02-10 16:05:58,103 - __main__ - INFO - User admin logged in successfully
2026-02-10 16:07:34,816 - auth - INFO - User admin logged in successfully
2026-02-10 16:07:34,816 - __main__ - INFO - User admin logged in successfully
2026-02-10 16:23:05,549 - auth - INFO - User admin logged in successfully
2026-02-10 16:23:05,549 - __main__ - INFO - User admin logged in successfully
2026-02-10 16:26:16,296 - auth - INFO - User admin logged in successfully
2026-02-10 16:26:16,296 - __main__ - INFO - User admin logged in successfully
2026-02-10 16:26:16,588 - matplotlib.category - INFO - Using categorical units to plot a list of strings that are all parsable as floats or dates. If these strings should be plotted as numbers, cast to the appropriate data type before plotting.
2026-02-10 16:26:16,589 - matplotlib.category - INFO - Using categorical units to plot a list of strings that are all parsable as floats or dates. If these strings should be plotted as numbers, cast to the appropriate data type before plotting.
2026-02-10 16:37:01,986 - auth - INFO - User admin logged in successfully
2026-02-10 16:37:01,986 - __main__ - INFO - User admin logged in successfully
2026-02-10 16:37:02,254 - matplotlib.category - INFO - Using categorical units to plot a list of strings that are all parsable as floats or dates. If these strings should be plotted as numbers, cast to the appropriate data type before plotting.
2026-02-10 16:37:02,254 - matplotlib.category - INFO - Using categorical units to plot a list of strings that are all parsable as floats or dates. If these strings should be plotted as numbers, cast to the appropriate data type before plotting.
2026-02-10 16:38:22,164 - auth - INFO - User admin logged in successfully
2026-02-10 16:38:22,164 - __main__ - INFO - User admin logged in successfully
2026-02-10 16:38:22,434 - matplotlib.category - INFO - Using categorical units to plot a list of strings that are all parsable as floats or dates. If these strings should be plotted as numbers, cast to the appropriate data type before plotting.
2026-02-10 16:38:22,434 - matplotlib.category - INFO - Using categorical units to plot a list of strings that are all parsable as floats or dates. If these strings should be plotted as numbers, cast to the appropriate data type before plotting.
2026-02-10 16:42:11,739 - auth - INFO - User admin logged in successfully
2026-02-10 16:42:11,739 - __main__ - INFO - User admin logged in successfully
2026-02-10 16:42:12,017 - matplotlib.category - INFO - Using categorical units to plot a list of strings that are all parsable as floats or dates. If these strings should be plotted as numbers, cast to the appropriate data type before plotting.
2026-02-10 16:42:12,018 - matplotlib.category - INFO - Using categorical units to plot a list of strings that are all parsable as floats or dates. If these strings should be plotted as numbers, cast to the appropriate data type before plotting.
2026-02-10 16:43:50,758 - auth - INFO - User admin logged in successfully
2026-02-10 16:43:50,758 - __main__ - INFO - User admin logged in successfully
2026-02-10 16:43:51,034 - matplotlib.category - INFO - Using categorical units to plot a list of strings that are all parsable as floats or dates. If these strings should be plotted as numbers, cast to the appropriate data type before plotting.
2026-02-10 16:43:51,034 - matplotlib.category - INFO - Using categorical units to plot a list of strings that are all parsable as floats or dates. If these strings should be plotted as numbers, cast to the appropriate data type before plotting.
2026-02-10 16:44:07,744 - auth - INFO - User admin logged in successfully
2026-02-10 16:44:07,744 - __main__ - INFO - User admin logged in successfully
2026-02-10 16:44:08,024 - matplotlib.category - INFO - Using categorical units to plot a list of strings that are all parsable as floats or dates. If these strings should be plotted as numbers, cast to the appropriate data type before plotting.
2026-02-10 16:44:08,025 - matplotlib.category - INFO - Using categorical units to plot a list of strings that are all parsable as floats or dates. If these strings should be plotted as numbers, cast to the appropriate data type before plotting.
2026-02-10 16:47:43,955 - auth - INFO - User admin logged in successfully
2026-02-10 16:47:43,955 - __main__ - INFO - User admin logged in successfully
2026-02-10 16:47:44,234 - matplotlib.category - INFO - Using categorical units to plot a list of strings that are all parsable as floats or dates. If these strings should be plotted as numbers, cast to the appropriate data type before plotting.
2026-02-10 16:47:44,234 - matplotlib.category - INFO - Using categorical units to plot a list of strings that are all parsable as floats or dates. If these strings should be plotted as numbers, cast to the appropriate data type before plotting.
2026-02-10 16:50:21,825 - auth - INFO - User admin logged in successfully
2026-02-10 16:50:21,825 - __main__ - INFO - User admin logged in successfully
2026-02-10 16:50:22,116 - matplotlib.category - INFO - Using categorical units to plot a list of strings that are all parsable as floats or dates. If these strings should be plotted as numbers, cast to the appropriate data type before plotting.
2026-02-10 16:50:22,118 - matplotlib.category - INFO - Using categorical units to plot a list of strings that are all parsable as floats or dates. If these strings should be plotted as numbers, cast to the appropriate data type before plotting.
2026-02-10 16:58:35,480 - auth - INFO - User admin logged in successfully
2026-02-10 16:58:35,484 - __main__ - INFO - User admin logged in successfully
2026-02-10 16:58:35,763 - matplotlib.category - INFO - Using categorical units to plot a list of strings that are all parsable as floats or dates. If these strings should be plotted as numbers, cast to the appropriate data type before plotting.
2026-02-10 16:58:35,763 - matplotlib.category - INFO - Using categorical units to plot a list of strings that are all parsable as floats or dates. If these strings should be plotted as numbers, cast to the appropriate data type before plotting.
2026-02-11 09:39:19,380 - auth - INFO - User admin logged in successfully
2026-02-11 09:39:19,380 - __main__ - INFO - User admin logged in successfully
2026-02-11 09:39:20,395 - matplotlib.category - INFO - Using categorical units to plot a list of strings that are all parsable as floats or dates. If these strings should be plotted as numbers, cast to the appropriate data type before plotting.
2026-02-11 09:39:20,398 - matplotlib.category - INFO - Using categorical units to plot a list of strings that are all parsable as floats or dates. If these strings should be plotted as numbers, cast to the appropriate data type before plotting.
2026-02-11 09:40:49,764 - auth - INFO - User admin logged in successfully
2026-02-11 09:40:49,764 - __main__ - INFO - User admin logged in successfully
2026-02-11 09:40:50,820 - matplotlib.category - INFO - Using categorical units to plot a list of strings that are all parsable as floats or dates. If these strings should be plotted as numbers, cast to the appropriate data type before plotting.
2026-02-11 09:40:50,820 - matplotlib.category - INFO - Using categorical units to plot a list of strings that are all parsable as floats or dates. If these strings should be plotted as numbers, cast to the appropriate data type before plotting.
2026-02-11 09:54:30,835 - auth - INFO - User admin logged in successfully
2026-02-11 09:54:30,840 - __main__ - INFO - User admin logged in successfully
2026-02-11 09:54:31,377 - matplotlib.category - INFO - Using categorical units to plot a list of strings that are all parsable as floats or dates. If these strings should be plotted as numbers, cast to the appropriate data type before plotting.
2026-02-11 09:54:31,377 - matplotlib.category - INFO - Using categorical units to plot a list of strings that are all parsable as floats or dates. If these strings should be plotted as numbers, cast to the appropriate data type before plotting.
2026-02-11 09:54:53,807 - auth - INFO - User admin logged in successfully
2026-02-11 09:54:53,807 - __main__ - INFO - User admin logged in successfully
2026-02-11 09:54:54,390 - matplotlib.category - INFO - Using categorical units to plot a list of strings that are all parsable as floats or dates. If these strings should be plotted as numbers, cast to the appropriate data type before plotting.
2026-02-11 09:54:54,390 - matplotlib.category - INFO - Using categorical units to plot a list of strings that are all parsable as floats or dates. If these strings should be plotted as numbers, cast to the appropriate data type before plotting.
2026-02-11 09:56:24,680 - auth - INFO - User admin logged in successfully
2026-02-11 09:56:24,680 - __main__ - INFO - User admin logged in successfully
2026-02-11 09:56:25,264 - matplotlib.category - INFO - Using categorical units to plot a list of strings that are all parsable as floats or dates. If these strings should be plotted as numbers, cast to the appropriate data type before plotting.
2026-02-11 09:56:25,270 - matplotlib.category - INFO - Using categorical units to plot a list of strings that are all parsable as floats or dates. If these strings should be plotted as numbers, cast to the appropriate data type before plotting.
2026-02-11 10:08:28,182 - auth - INFO - User admin logged in successfully
2026-02-11 10:08:28,183 - __main__ - INFO - User admin logged in successfully
2026-02-11 10:08:28,807 - matplotlib.category - INFO - Using categorical units to plot a list of strings that are all parsable as floats or dates. If these strings should be plotted as numbers, cast to the appropriate data type before plotting.
2026-02-11 10:08:28,809 - matplotlib.category - INFO - Using categorical units to plot a list of strings that are all parsable as floats or dates. If these strings should be plotted as numbers, cast to the appropriate data type before plotting.
2026-02-11 10:08:28,943 - __main__ - INFO - Switched to section: dashboard
2026-02-11 10:08:36,716 - __main__ - INFO - Switched to section: billing
2026-02-11 10:09:08,615 - auth - INFO - User admin logged in successfully
2026-02-11 10:09:08,615 - __main__ - INFO - User admin logged in successfully
2026-02-11 10:09:09,215 - matplotlib.category - INFO - Using categorical units to plot a list of strings that are all parsable as floats or dates. If these strings should be plotted as numbers, cast to the appropriate data type before plotting.
2026-02-11 10:09:09,215 - matplotlib.category - INFO - Using categorical units to plot a list of strings that are all parsable as floats or dates. If these strings should be plotted as numbers, cast to the appropriate data type before plotting.
2026-02-11 10:09:09,352 - __main__ - INFO - Switched to section: dashboard
2026-02-11 10:09:11,120 - __main__ - INFO - Switched to section: billing
2026-02-11 10:09:22,880 - auth - INFO - User admin logged in successfully
2026-02-11 10:09:22,880 - __main__ - INFO - User admin logged in successfully
2026-02-11 10:09:23,479 - matplotlib.category - INFO - Using categorical units to plot a list of strings that are all parsable as floats or dates. If these strings should be plotted as numbers, cast to the appropriate data type before plotting.
2026-02-11 10:09:23,479 - matplotlib.category - INFO - Using categorical units to plot a list of strings that are all parsable as floats or dates. If these strings should be plotted as numbers, cast to the appropriate data type before plotting.
2026-02-11 10:09:23,615 - __main__ - INFO - Switched to section: dashboard
2026-02-11 10:09:29,743 - __main__ - INFO - Switched to section: search
2026-02-11 10:10:46,170 - auth - INFO - User admin logged in successfully
2026-02-11 10:10:46,172 - __main__ - INFO - User admin logged in successfully
2026-02-11 10:10:46,697 - matplotlib.category - INFO - Using categorical units to plot a list of strings that are all parsable as floats or dates. If these strings should be plotted as numbers, cast to the appropriate data type before plotting.
2026-02-11 10:10:46,699 - matplotlib.category - INFO - Using categorical units to plot a list of strings that are all parsable as floats or dates. If these strings should be plotted as numbers, cast to the appropriate data type before plotting.
2026-02-11 10:10:46,826 - __main__ - INFO - Switched to section: dashboard
2026-02-11 10:17:54,376 - __main__ - INFO - Switched to section: billing
2026-02-11 10:27:53,817 - auth - INFO - User admin logged in successfully
2026-02-11 10:27:53,818 - __main__ - INFO - User admin logged in successfully
2026-02-11 10:27:55,240 - matplotlib.category - INFO - Using categorical units to plot a list of strings that are all parsable as floats or dates. If these strings should be plotted as numbers, cast to the appropriate data type before plotting.
2026-02-11 10:27:55,240 - matplotlib.category - INFO - Using categorical units to plot a list of strings that are all parsable as floats or dates. If these strings should be plotted as numbers, cast to the appropriate data type before plotting.
2026-02-11 10:27:55,622 - __main__ - INFO - Switched to section: dashboard
2026-02-11 10:32:11,747 - auth - INFO - User admin logged in successfully
2026-02-11 10:32:11,748 - __main__ - INFO - User admin logged in successfully
2026-02-11 10:32:12,159 - matplotlib.category - INFO - Using categorical units to plot a list of strings that are all parsable as floats or dates. If these strings should be plotted as numbers, cast to the appropriate data type before plotting.
2026-02-11 10:32:12,159 - matplotlib.category - INFO - Using categorical units to plot a list of strings that are all parsable as floats or dates. If these strings should be plotted as numbers, cast to the appropriate data type before plotting.
2026-02-11 13:16:10,854 - auth - INFO - User admin logged in successfully
2026-02-11 13:16:10,854 - __main__ - INFO - User admin logged in successfully
2026-02-11 13:16:11,141 - matplotlib.category - INFO - Using categorical units to plot a list of strings that are all parsable as floats or dates. If these strings should be plotted as numbers, cast to the appropriate data type before plotting.
2026-02-11 13:16:11,142 - matplotlib.category - INFO - Using categorical units to plot a list of strings that are all parsable as floats or dates. If these strings should be plotted as numbers, cast to the appropriate data type before plotting.
2026-02-11 13:16:30,320 - auth - INFO - User admin logged in successfully
2026-02-11 13:16:30,320 - __main__ - INFO - User admin logged in successfully
2026-02-11 13:16:30,593 - matplotlib.category - INFO - Using categorical units to plot a list of strings that are all parsable as floats or dates. If these strings should be plotted as numbers, cast to the appropriate data type before plotting.
2026-02-11 13:16:30,595 - matplotlib.category - INFO - Using categorical units to plot a list of strings that are all parsable as floats or dates. If these strings should be plotted as numbers, cast to the appropriate data type before plotting.
2026-02-11 13:36:44,385 - auth - INFO - User admin logged in successfully
2026-02-11 13:36:44,385 - __main__ - INFO - User admin logged in successfully
2026-02-11 13:36:44,796 - matplotlib.category - INFO - Using categorical units to plot a list of strings that are all parsable as floats or dates. If these strings should be plotted as numbers, cast to the appropriate data type before plotting.
2026-02-11 13:36:44,796 - matplotlib.category - INFO - Using categorical units to plot a list of strings that are all parsable as floats or dates. If these strings should be plotted as numbers, cast to the appropriate data type before plotting.
